-------------------------------------------------------------------------------
Test set: com.bookstore.it.BooksApiTest
-------------------------------------------------------------------------------
Tests run: 1, Failures: 0, Errors: 1, Skipped: 0, Time elapsed: 10.304 s <<< FAILURE! - in com.bookstore.it.BooksApiTest
testGetBooks  Time elapsed: 5.439 s  <<< ERROR!
java.net.ConnectException: Connection refused: connect
	at com.bookstore.it.BooksApiTest.testGetBooks(BooksApiTest.java:15)

